app/build/intermediates/manifest_merge_blame_file/debug/manifest-merger-blame-debug-report.txt
1<?xml version="1.0" encoding="utf-8"?>
2<manifest xmlns:android="http://schemas.android.com/apk/res/android"
3    package="com.example.managementappproject"
4    android:versionCode="1"
5    android:versionName="1.0" >
6
7    <uses-sdk
8        android:minSdkVersion="21"
8-->src/main/AndroidManifest.xml
9        android:targetSdkVersion="30" />
9-->src/main/AndroidManifest.xml
10
11    <application
11-->src/main/AndroidManifest.xml:5:5-37:19
12        android:allowBackup="true"
12-->src/main/AndroidManifest.xml:6:9-35
13        android:appComponentFactory="androidx.core.app.CoreComponentFactory"
13-->[androidx.core:core:1.3.2] AndroidManifest.xml:24:18-86
14        android:debuggable="true"
15        android:icon="@mipmap/ic_launcher"
15-->src/main/AndroidManifest.xml:7:9-43
16        android:label="@string/app_name"
16-->src/main/AndroidManifest.xml:8:9-41
17        android:roundIcon="@mipmap/ic_launcher_round"
17-->src/main/AndroidManifest.xml:9:9-54
18        android:supportsRtl="true"
18-->src/main/AndroidManifest.xml:10:9-35
19        android:testOnly="true"
20        android:theme="@style/Theme.ManagementAppProject" >
20-->src/main/AndroidManifest.xml:11:9-58
21        <activity
21-->src/main/AndroidManifest.xml:12:9-15:20
22            android:name="com.example.managementappproject.SignInActivity"
22-->src/main/AndroidManifest.xml:12:19-49
23            android:screenOrientation="portrait"
23-->src/main/AndroidManifest.xml:13:13-49
24            android:theme="@style/Theme.AppCompat.Light.NoActionBar" >
24-->src/main/AndroidManifest.xml:14:13-69
25        </activity>
26        <activity
26-->src/main/AndroidManifest.xml:16:9-20:20
27            android:name="com.example.managementappproject.SignUpActivity"
27-->src/main/AndroidManifest.xml:17:13-43
28            android:screenOrientation="portrait"
28-->src/main/AndroidManifest.xml:18:13-49
29            android:theme="@style/Theme.AppCompat.Light.NoActionBar" >
29-->src/main/AndroidManifest.xml:19:13-69
30        </activity>
31        <activity
31-->src/main/AndroidManifest.xml:21:9-25:20
32            android:name="com.example.managementappproject.IntroActivity"
32-->src/main/AndroidManifest.xml:22:13-42
33            android:screenOrientation="portrait"
33-->src/main/AndroidManifest.xml:23:13-49
34            android:theme="@style/Theme.AppCompat.Light.NoActionBar" >
34-->src/main/AndroidManifest.xml:24:13-69
35        </activity>
36        <activity
36-->src/main/AndroidManifest.xml:26:9-35:20
37            android:name="com.example.managementappproject.SplashActivity"
37-->src/main/AndroidManifest.xml:27:13-43
38            android:screenOrientation="portrait"
38-->src/main/AndroidManifest.xml:28:13-49
39            android:theme="@style/Theme.AppCompat.Light.NoActionBar" >
39-->src/main/AndroidManifest.xml:29:13-69
40            <intent-filter>
40-->src/main/AndroidManifest.xml:30:13-34:29
41                <action android:name="android.intent.action.MAIN" />
41-->src/main/AndroidManifest.xml:31:17-69
41-->src/main/AndroidManifest.xml:31:25-66
42
43                <category android:name="android.intent.category.LAUNCHER" />
43-->src/main/AndroidManifest.xml:33:17-77
43-->src/main/AndroidManifest.xml:33:27-74
44            </intent-filter>
45        </activity>
46        <activity android:name="com.example.managementappproject.MainActivity" />
46-->src/main/AndroidManifest.xml:36:9-50
46-->src/main/AndroidManifest.xml:36:19-47
47    </application>
48
49</manifest>